mode: set
mowers/internal/infrastructure/validator.go:9.84,10.23 1 1
mowers/internal/infrastructure/validator.go:10.23,12.3 1 1
mowers/internal/infrastructure/validator.go:14.2,16.61 2 1
mowers/internal/infrastructure/validator.go:16.61,18.3 1 1
mowers/internal/infrastructure/validator.go:20.2,21.16 2 1
mowers/internal/infrastructure/validator.go:21.16,23.3 1 1
mowers/internal/infrastructure/validator.go:25.2,25.44 1 0
mowers/internal/infrastructure/validator.go:25.44,26.15 1 0
mowers/internal/infrastructure/validator.go:26.15,28.18 2 0
mowers/internal/infrastructure/validator.go:28.18,30.5 1 0
mowers/internal/infrastructure/validator.go:31.4,32.18 2 0
mowers/internal/infrastructure/validator.go:32.18,34.5 1 0
mowers/internal/infrastructure/validator.go:36.4,37.18 2 0
mowers/internal/infrastructure/validator.go:37.18,39.5 1 0
mowers/internal/infrastructure/validator.go:40.4,40.23 1 0
mowers/internal/infrastructure/validator.go:44.2,44.12 1 0
mowers/internal/infrastructure/validator.go:47.66,49.69 1 1
mowers/internal/infrastructure/validator.go:49.69,51.3 1 1
mowers/internal/infrastructure/validator.go:51.8,54.3 2 1
mowers/cmd/cli/main.go:18.13,23.26 4 1
mowers/cmd/cli/main.go:23.26,26.3 2 1
mowers/cmd/cli/main.go:28.2,29.16 2 1
mowers/cmd/cli/main.go:29.16,31.3 1 1
mowers/cmd/cli/main.go:31.8,33.3 1 1
mowers/cmd/cli/main.go:37.32,43.16 4 1
mowers/cmd/cli/main.go:43.16,45.3 1 1
mowers/cmd/cli/main.go:47.2,49.16 2 1
mowers/cmd/cli/main.go:49.16,51.3 1 1
mowers/cmd/cli/main.go:53.2,53.16 1 1
mowers/cmd/cli/main.go:57.55,59.18 1 1
mowers/cmd/cli/main.go:59.18,61.17 2 1
mowers/cmd/cli/main.go:61.17,63.4 1 1
mowers/cmd/cli/main.go:64.3,67.17 4 1
mowers/cmd/cli/main.go:67.17,69.4 1 0
mowers/cmd/cli/main.go:70.3,70.48 1 1
mowers/cmd/cli/main.go:71.8,73.3 1 1
mowers/internal/domain/cardinal.go:21.61,24.25 2 1
mowers/internal/domain/cardinal.go:24.25,26.3 1 1
mowers/internal/domain/cardinal.go:28.2,30.30 2 1
mowers/internal/domain/cardinal.go:30.30,31.14 1 1
mowers/internal/domain/cardinal.go:31.14,33.4 1 1
mowers/internal/domain/cardinal.go:36.2,36.13 1 1
mowers/internal/domain/cardinal.go:36.13,38.3 1 1
mowers/internal/domain/cardinal.go:40.2,40.34 1 1
mowers/internal/domain/coordinates.go:14.69,16.17 2 1
mowers/internal/domain/coordinates.go:16.17,18.3 1 1
mowers/internal/domain/coordinates.go:20.2,21.16 2 1
mowers/internal/domain/coordinates.go:21.16,23.3 1 1
mowers/internal/domain/coordinates.go:24.2,25.16 2 1
mowers/internal/domain/coordinates.go:25.16,27.3 1 1
mowers/internal/domain/coordinates.go:29.2,29.39 1 1
mowers/internal/domain/mower.go:9.74,13.16 3 1
mowers/internal/domain/mower.go:13.16,15.3 1 0
mowers/internal/domain/mower.go:16.2,16.15 1 1
mowers/internal/domain/mower.go:19.42,21.2 1 1
mowers/internal/domain/mower.go:23.24,25.2 0 0
mowers/internal/domain/mower_position.go:10.70,12.24 1 0
mowers/internal/domain/mower_position.go:12.24,14.3 1 0
mowers/internal/domain/mower_position.go:16.2,26.29 6 0
mowers/internal/domain/path.go:20.53,22.24 1 1
mowers/internal/domain/path.go:22.24,24.3 1 1
mowers/internal/domain/path.go:26.2,32.42 4 1
mowers/internal/domain/path.go:32.42,34.37 1 1
mowers/internal/domain/path.go:34.37,36.4 1 1
mowers/internal/domain/path.go:36.9,38.4 1 1
mowers/internal/domain/path.go:41.2,41.31 1 1
mowers/internal/domain/plateau.go:12.72,13.38 1 1
mowers/internal/domain/plateau.go:13.38,14.53 1 0
mowers/internal/domain/plateau.go:14.53,16.4 1 0
mowers/internal/domain/plateau.go:18.2,18.12 1 1
mowers/internal/domain/plateau.go:21.67,24.16 2 1
mowers/internal/domain/plateau.go:24.16,26.3 1 0
mowers/internal/domain/plateau.go:28.2,29.12 2 1
